生成启动时间为 2019/9/2 1:17:46。
     1>项目“C:\Users\sc\Documents\Visual Studio 2010\Projects\StackFrame\StackFrame.vcxproj”在节点 2 上(build 个目标)。
     1>InitializeBuildStatus:
         正在创建“Release\StackFrame.unsuccessfulbuild”，因为已指定“AlwaysCreate”。
       ClCompile:
         C:\Program Files\Microsoft Visual Studio 10.0\VC\bin\CL.exe /c /Zi /nologo /W3 /WX- /Od /Oi /Oy- /GL /D _MBCS /Gm- /EHsc /MD /GS /Gy /fp:precise /Zc:wchar_t /Zc:forScope /Fo"Release\\" /Fd"Release\vc100.pdb" /Gd /TP /analyze- /errorReport:prompt StackFrame.cpp
         StackFrame.cpp
       Link:
         C:\Program Files\Microsoft Visual Studio 10.0\VC\bin\link.exe /ERRORREPORT:PROMPT /OUT:"C:\Users\sc\Documents\Visual Studio 2010\Projects\StackFrame\Release\StackFrame.exe" /NOLOGO kernel32.lib user32.lib gdi32.lib winspool.lib comdlg32.lib advapi32.lib shell32.lib ole32.lib oleaut32.lib uuid.lib odbc32.lib odbccp32.lib /MANIFEST /ManifestFile:"Release\StackFrame.exe.intermediate.manifest" /MANIFESTUAC:"level='asInvoker' uiAccess='false'" /DEBUG /PDB:"C:\Users\sc\Documents\Visual Studio 2010\Projects\StackFrame\Release\StackFrame.pdb" /OPT:REF /OPT:ICF /LTCG /TLBID:1 /DYNAMICBASE /NXCOMPAT /IMPLIB:"C:\Users\sc\Documents\Visual Studio 2010\Projects\StackFrame\Release\StackFrame.lib" /MACHINE:X86 Release\StackFrame.obj
         正在生成代码
         已完成代码的生成
         StackFrame.vcxproj -> C:\Users\sc\Documents\Visual Studio 2010\Projects\StackFrame\Release\StackFrame.exe
       Manifest:
         C:\Program Files\Microsoft SDKs\Windows\v7.0A\bin\mt.exe /nologo /verbose /outputresource:"C:\Users\sc\Documents\Visual Studio 2010\Projects\StackFrame\Release\StackFrame.exe;#1" /manifest Release\StackFrame.exe.intermediate.manifest
       FinalizeBuildStatus:
         正在删除文件“Release\StackFrame.unsuccessfulbuild”。
         正在对“Release\StackFrame.lastbuildstate”执行 Touch 任务。
     1>已完成生成项目“C:\Users\sc\Documents\Visual Studio 2010\Projects\StackFrame\StackFrame.vcxproj”(build 个目标)的操作。

生成成功。

已用时间 00:00:03.94
