生成启动时间为 2019/8/31 16:19:19。
     1>项目“C:\Users\sc\Documents\Visual Studio 2010\Projects\LittleEndian\LittleEndian.vcxproj”在节点 2 上(build 个目标)。
     1>InitializeBuildStatus:
         正在创建“Release\LittleEndian.unsuccessfulbuild”，因为已指定“AlwaysCreate”。
       ClCompile:
         C:\Program Files\Microsoft Visual Studio 10.0\VC\bin\CL.exe /c /Zi /nologo /W3 /WX- /Od /Oi /Oy- /GL /D WIN32 /D NDEBUG /D _CONSOLE /D _MBCS /Gm- /EHsc /MD /GS /Gy /fp:precise /Zc:wchar_t /Zc:forScope /Fo"Release\\" /Fd"Release\vc100.pdb" /Gd /TP /analyze- /errorReport:prompt littleEndian.cpp
         littleEndian.cpp
       Link:
         C:\Program Files\Microsoft Visual Studio 10.0\VC\bin\link.exe /ERRORREPORT:PROMPT /OUT:"C:\Users\sc\Documents\Visual Studio 2010\Projects\LittleEndian\Release\LittleEndian.exe" /INCREMENTAL:NO /NOLOGO kernel32.lib user32.lib gdi32.lib winspool.lib comdlg32.lib advapi32.lib shell32.lib ole32.lib oleaut32.lib uuid.lib odbc32.lib odbccp32.lib /MANIFEST /ManifestFile:"Release\LittleEndian.exe.intermediate.manifest" /MANIFESTUAC:"level='asInvoker' uiAccess='false'" /DEBUG /PDB:"C:\Users\sc\Documents\Visual Studio 2010\Projects\LittleEndian\Release\LittleEndian.pdb" /SUBSYSTEM:CONSOLE /OPT:REF /OPT:ICF /LTCG /TLBID:1 /DYNAMICBASE /NXCOMPAT /IMPLIB:"C:\Users\sc\Documents\Visual Studio 2010\Projects\LittleEndian\Release\LittleEndian.lib" /MACHINE:X86 Release\littleEndian.obj
         正在生成代码
         已完成代码的生成
         LittleEndian.vcxproj -> C:\Users\sc\Documents\Visual Studio 2010\Projects\LittleEndian\Release\LittleEndian.exe
       Manifest:
         C:\Program Files\Microsoft SDKs\Windows\v7.0A\bin\mt.exe /nologo /verbose /outputresource:"C:\Users\sc\Documents\Visual Studio 2010\Projects\LittleEndian\Release\LittleEndian.exe;#1" /manifest Release\LittleEndian.exe.intermediate.manifest
       FinalizeBuildStatus:
         正在删除文件“Release\LittleEndian.unsuccessfulbuild”。
         正在对“Release\LittleEndian.lastbuildstate”执行 Touch 任务。
     1>已完成生成项目“C:\Users\sc\Documents\Visual Studio 2010\Projects\LittleEndian\LittleEndian.vcxproj”(build 个目标)的操作。

生成成功。

已用时间 00:00:01.02
